\BOOKMARK [0][-]{chapter.1}{\376\377\000I\000n\000t\000r\000o\000d\000u\000c\000t\000i\000o\000n}{}% 1
\BOOKMARK [1][-]{section.1.1}{\376\377\000Q\000u\000i\000c\000k\000\040\000n\000o\000t\000e\000s}{chapter.1}% 2
\BOOKMARK [1][-]{section.1.2}{\376\377\000C\000o\000n\000t\000r\000i\000b\000u\000t\000i\000n\000g}{chapter.1}% 3
\BOOKMARK [0][-]{chapter.2}{\376\377\000I\000n\000s\000t\000a\000l\000l\000a\000t\000i\000o\000n}{}% 4
\BOOKMARK [0][-]{chapter.3}{\376\377\000G\000e\000t\000t\000i\000n\000g\000\040\000s\000t\000a\000r\000t\000e\000d}{}% 5
\BOOKMARK [1][-]{section.3.1}{\376\377\000N\000o\000t\000a\000t\000i\000o\000n}{chapter.3}% 6
\BOOKMARK [1][-]{section.3.2}{\376\377\000C\000r\000e\000a\000t\000i\000n\000g\000\040\000f\000i\000l\000e\000\040\000c\000o\000n\000f\000i\000g\000u\000r\000a\000t\000i\000o\000n\000s\000\040\000f\000i\000l\000e}{chapter.3}% 7
\BOOKMARK [1][-]{section.3.3}{\376\377\000R\000e\000a\000d\000i\000n\000g\000\040\000d\000a\000t\000a}{chapter.3}% 8
\BOOKMARK [1][-]{section.3.4}{\376\377\000V\000i\000e\000w\000i\000n\000g\000\040\000a\000n\000d\000\040\000m\000a\000n\000i\000p\000u\000l\000a\000t\000i\000n\000g\000\040\000d\000a\000t\000a}{chapter.3}% 9
\BOOKMARK [0][-]{chapter.4}{\376\377\000H\000a\000n\000d\000s\000-\000o\000n\000\040\000t\000u\000t\000o\000r\000i\000a\000l}{}% 10
\BOOKMARK [1][-]{section.4.1}{\376\377\000C\000a\000l\000c\000u\000l\000a\000t\000i\000n\000g\000\040\000a\000u\000x\000i\000l\000i\000a\000r\000y\000\040\000v\000a\000r\000i\000a\000b\000l\000e\000s\000\040\000a\000n\000d\000\040\000u\000n\000i\000t\000s}{chapter.4}% 11
\BOOKMARK [1][-]{section.4.2}{\376\377\000C\000r\000e\000a\000t\000i\000n\000g\000\040\000a\000\040\000s\000i\000t\000e\000\040\000c\000o\000n\000f\000i\000g\000u\000r\000a\000t\000i\000o\000n\000\040\000f\000i\000l\000e}{chapter.4}% 12
\BOOKMARK [1][-]{section.4.3}{\376\377\000E\000x\000t\000r\000a\000c\000t\000i\000n\000g\000\040\000f\000l\000u\000x\000e\000s}{chapter.4}% 13
\BOOKMARK [1][-]{section.4.4}{\376\377\000O\000b\000t\000a\000i\000n\000i\000n\000g\000\040\000t\000h\000e\000\040\000s\000p\000e\000c\000t\000r\000a}{chapter.4}% 14
\BOOKMARK [0][-]{chapter.5}{\376\377\000P\000y\000m\000i\000c\000r\000a\000'\000s\000\040\000a\000u\000t\000o\000-\000g\000e\000n\000e\000r\000a\000t\000e\000d\000\040\000d\000o\000c\000s}{}% 15
\BOOKMARK [1][-]{section.5.1}{\376\377\000S\000u\000b\000p\000a\000c\000k\000a\000g\000e\000s}{chapter.5}% 16
\BOOKMARK [1][-]{section.5.2}{\376\377\000p\000y\000m\000i\000c\000r\000a\000.\000c\000o\000n\000s\000t\000a\000n\000t\000s}{chapter.5}% 17
\BOOKMARK [1][-]{section.5.3}{\376\377\000p\000y\000m\000i\000c\000r\000a\000.\000c\000o\000r\000e}{chapter.5}% 18
\BOOKMARK [1][-]{section.5.4}{\376\377\000p\000y\000m\000i\000c\000r\000a\000.\000d\000a\000t\000a}{chapter.5}% 19
\BOOKMARK [1][-]{section.5.5}{\376\377\000p\000y\000m\000i\000c\000r\000a\000.\000d\000e\000c\000o\000r\000a\000t\000o\000r\000s}{chapter.5}% 20
\BOOKMARK [1][-]{section.5.6}{\376\377\000p\000y\000m\000i\000c\000r\000a\000.\000i\000o}{chapter.5}% 21
\BOOKMARK [1][-]{section.5.7}{\376\377\000p\000y\000m\000i\000c\000r\000a\000.\000m\000e\000t\000h\000o\000d\000s}{chapter.5}% 22
\BOOKMARK [1][-]{section.5.8}{\376\377\000p\000y\000m\000i\000c\000r\000a\000.\000p\000h\000y\000s\000i\000c\000s}{chapter.5}% 23
\BOOKMARK [1][-]{section.5.9}{\376\377\000p\000y\000m\000i\000c\000r\000a\000.\000t\000e\000s\000t\000s}{chapter.5}% 24
\BOOKMARK [1][-]{section.5.10}{\376\377\000p\000y\000m\000i\000c\000r\000a\000.\000u\000t\000i\000l}{chapter.5}% 25
\BOOKMARK [0][-]{section*.117}{\376\377\000P\000y\000t\000h\000o\000n\000\040\000M\000o\000d\000u\000l\000e\000\040\000I\000n\000d\000e\000x}{}% 26
\BOOKMARK [0][-]{section*.118}{\376\377\000I\000n\000d\000e\000x}{}% 27
